[0422/223000.982:INFO:aha\components\metrics\metrics_base.cc:52] [startup] metric: basicStartupComplete, start
[0422/223000.996:INFO:aha\components\manifest\manifest.cc:91] GetManifestContent exe_dir: C:\Users\Administrator\AppData\Local\Programs\Trae CN
[0422/223001.006:INFO:aha\components\manifest\manifest.cc:106] AppManifest manifest_content={"appId":"787976","appVersion":"3.3.49","buildVersion":"2.3.19251","activeUrl":"https://log.snssdk.com/service/2/app_alert_check/","channel":"stable","language":"en","logifierDomain":"api.trae.com.cn","name":"Trae CN","package":"com.trae.app","packageType":"stable_cn","region":"CN","registryUrl":"https://log.snssdk.com/service/2/desktop/device_register/","slardarDomain":"pc-mon.zijieapi.com","slardarAid":787976,"oversea":false,"ahaNet":{"ttnet_params":{"domain_httpdns":"dig.bdurl.net","domain_netlog":"crash.snssdk.com","app_id":"787976","tnc_host_first":"tnc3-bjlgy.zijieapi.com","app_name":"trae","tnc_host_second":"","tnc_host_third":"","domain_boe":".boe-gateway.byted.org","update_version_code":"","version_code":"3349","bypass_proxy":false,"is_drop_first_tnc":false,"use_domestic_store_region":false,"get_domain_default_json":"{\"data\":{\"tnc_update_interval\":300,\"chromium_open\":1,\"http_dns_enabled\":1,\"ttnet_http_dns_enabled\":1,\"ttnet_tt_http_dns\":1,\"ttnet_http_dns_timeout\":5,\"opaque_data_enabled\":0,\"wpad_enabled\":0,\"pac_enabled\":1,\"clear_pool_enabled\":1,\"get_domain_default_json\":1,\"md5_check\":0},\"message\":\"success\"}"},"params":{"user_agent":"","experimental_options":"","enable_http2":true,"enable_brotli":true,"enable_quic":true,"enable_network_quality_estimator":false,"enable_verbose_log":false,"enable_ca_store":true,"store_idc_rule_json":"","ttnet_inner_log_switch":255,"bypass_mssdk":true},"access_policy":"{\"domain_white_list\":{\"*.trae.ai\":[\"*\"],\"*.traeapi.us\":[\"*\"],\"*.mchost.guru\":[\"*\"],\"*.bytedance.net\":[\"*\"],\"*.tiktok-row.net\":[\"*\"],\"*.byteintl.net\":[\"*\"],\"*.byted.org\":[\"*\"],\"*.trae.com.cn\":[\"*\"],\"*.trae.cn\":[\"*\"]},\"enable_detail_log\":false}"}}
[0422/223001.006:INFO:aha\components\device_info\private\device_info_win_impl.cc:193] PlatformDeviceInfoImpl::read_smbios done, size = 4137
[0422/223001.009:INFO:aha\components\device_info\private\device_info_win_impl.cc:427] Current disk count = 2
[0422/223001.009:INFO:aha\components\device_service\device_service.h:33] DeviceService GetHardwareInfo, cost time: 3 ms
[0422/223001.009:INFO:aha\components\device_service\device_service.cc:1124] DeviceService, DecryptDeviceId succeed, device_id: 27939963411291, install_id: 27939963415387
[0422/223001.009:INFO:aha\components\metrics\metrics_base.cc:64] [startup] metric: basicStartupComplete, end, latency: 27ms
[0422/223001.009:INFO:aha\components\metrics\metrics_base.cc:52] [startup] metric: initializeICU, start
[0422/223001.016:INFO:aha\components\metrics\metrics_base.cc:64] [startup] metric: initializeICU, end, latency: 6ms
[0422/223001.016:INFO:aha\components\metrics\metrics_base.cc:52] [startup] metric: loadV8Snapshot, start
[0422/223001.021:INFO:aha\components\metrics\metrics_base.cc:64] [startup] metric: loadV8Snapshot, end, latency: 6ms
[0422/223001.021:INFO:aha\components\metrics\metrics_base.cc:52] [startup] metric: crashReporterStartup, start
[0422/223001.080:INFO:aha\components\metrics\metrics_base.cc:64] [startup] metric: crashReporterStartup, end, latency: 59ms
[0422/223001.764:INFO:aha\components\metrics\metrics_base.cc:52] [startup] metric: basicStartupComplete, start
[0422/223001.768:INFO:aha\components\manifest\manifest.cc:91] GetManifestContent exe_dir: C:\Users\Administrator\AppData\Local\Programs\Trae CN
[0422/223001.769:INFO:aha\components\manifest\manifest.cc:106] AppManifest manifest_content={"appId":"787976","appVersion":"3.3.49","buildVersion":"2.3.19251","activeUrl":"https://log.snssdk.com/service/2/app_alert_check/","channel":"stable","language":"en","logifierDomain":"api.trae.com.cn","name":"Trae CN","package":"com.trae.app","packageType":"stable_cn","region":"CN","registryUrl":"https://log.snssdk.com/service/2/desktop/device_register/","slardarDomain":"pc-mon.zijieapi.com","slardarAid":787976,"oversea":false,"ahaNet":{"ttnet_params":{"domain_httpdns":"dig.bdurl.net","domain_netlog":"crash.snssdk.com","app_id":"787976","tnc_host_first":"tnc3-bjlgy.zijieapi.com","app_name":"trae","tnc_host_second":"","tnc_host_third":"","domain_boe":".boe-gateway.byted.org","update_version_code":"","version_code":"3349","bypass_proxy":false,"is_drop_first_tnc":false,"use_domestic_store_region":false,"get_domain_default_json":"{\"data\":{\"tnc_update_interval\":300,\"chromium_open\":1,\"http_dns_enabled\":1,\"ttnet_http_dns_enabled\":1,\"ttnet_tt_http_dns\":1,\"ttnet_http_dns_timeout\":5,\"opaque_data_enabled\":0,\"wpad_enabled\":0,\"pac_enabled\":1,\"clear_pool_enabled\":1,\"get_domain_default_json\":1,\"md5_check\":0},\"message\":\"success\"}"},"params":{"user_agent":"","experimental_options":"","enable_http2":true,"enable_brotli":true,"enable_quic":true,"enable_network_quality_estimator":false,"enable_verbose_log":false,"enable_ca_store":true,"store_idc_rule_json":"","ttnet_inner_log_switch":255,"bypass_mssdk":true},"access_policy":"{\"domain_white_list\":{\"*.trae.ai\":[\"*\"],\"*.traeapi.us\":[\"*\"],\"*.mchost.guru\":[\"*\"],\"*.bytedance.net\":[\"*\"],\"*.tiktok-row.net\":[\"*\"],\"*.byteintl.net\":[\"*\"],\"*.byted.org\":[\"*\"],\"*.trae.com.cn\":[\"*\"],\"*.trae.cn\":[\"*\"]},\"enable_detail_log\":false}"}}
[0422/223001.769:INFO:aha\components\device_info\private\device_info_win_impl.cc:193] PlatformDeviceInfoImpl::read_smbios done, size = 4137
[0422/223001.771:INFO:aha\components\device_info\private\device_info_win_impl.cc:427] Current disk count = 2
[0422/223001.771:INFO:aha\components\device_service\device_service.h:33] DeviceService GetHardwareInfo, cost time: 2 ms
[0422/223001.771:INFO:aha\components\device_service\device_service.cc:1124] DeviceService, DecryptDeviceId succeed, device_id: 27939963411291, install_id: 27939963415387
[0422/223001.771:INFO:aha\components\metrics\metrics_base.cc:64] [startup] metric: basicStartupComplete, end, latency: 8ms
[0422/223001.771:INFO:aha\components\metrics\metrics_base.cc:52] [startup] metric: initializeICU, start
[0422/223001.772:INFO:aha\components\metrics\metrics_base.cc:64] [startup] metric: initializeICU, end, latency: 0ms
[0422/223001.772:INFO:aha\components\metrics\metrics_base.cc:52] [startup] metric: loadV8Snapshot, start
[0422/223001.772:INFO:aha\components\metrics\metrics_base.cc:64] [startup] metric: loadV8Snapshot, end, latency: 0ms
[0422/223001.772:INFO:aha\components\metrics\metrics_base.cc:52] [startup] metric: crashReporterStartup, start
[0422/223001.827:INFO:aha\components\metrics\metrics_base.cc:64] [startup] metric: crashReporterStartup, end, latency: 56ms
[0422/235857.762:INFO:gin\isolate_holder.cc:165] SetPartitionAllocOomCallback and RegisterIsolateHolder
[0423/001739.389:INFO:aha\components\metrics\metrics_base.cc:52] [startup] metric: basicStartupComplete, start
[0423/001739.392:INFO:aha\components\manifest\manifest.cc:91] GetManifestContent exe_dir: C:\Users\Administrator\AppData\Local\Programs\Trae CN
[0423/001739.392:INFO:aha\components\manifest\manifest.cc:106] AppManifest manifest_content={"appId":"787976","appVersion":"3.3.49","buildVersion":"2.3.19251","activeUrl":"https://log.snssdk.com/service/2/app_alert_check/","channel":"stable","language":"en","logifierDomain":"api.trae.com.cn","name":"Trae CN","package":"com.trae.app","packageType":"stable_cn","region":"CN","registryUrl":"https://log.snssdk.com/service/2/desktop/device_register/","slardarDomain":"pc-mon.zijieapi.com","slardarAid":787976,"oversea":false,"ahaNet":{"ttnet_params":{"domain_httpdns":"dig.bdurl.net","domain_netlog":"crash.snssdk.com","app_id":"787976","tnc_host_first":"tnc3-bjlgy.zijieapi.com","app_name":"trae","tnc_host_second":"","tnc_host_third":"","domain_boe":".boe-gateway.byted.org","update_version_code":"","version_code":"3349","bypass_proxy":false,"is_drop_first_tnc":false,"use_domestic_store_region":false,"get_domain_default_json":"{\"data\":{\"tnc_update_interval\":300,\"chromium_open\":1,\"http_dns_enabled\":1,\"ttnet_http_dns_enabled\":1,\"ttnet_tt_http_dns\":1,\"ttnet_http_dns_timeout\":5,\"opaque_data_enabled\":0,\"wpad_enabled\":0,\"pac_enabled\":1,\"clear_pool_enabled\":1,\"get_domain_default_json\":1,\"md5_check\":0},\"message\":\"success\"}"},"params":{"user_agent":"","experimental_options":"","enable_http2":true,"enable_brotli":true,"enable_quic":true,"enable_network_quality_estimator":false,"enable_verbose_log":false,"enable_ca_store":true,"store_idc_rule_json":"","ttnet_inner_log_switch":255,"bypass_mssdk":true},"access_policy":"{\"domain_white_list\":{\"*.trae.ai\":[\"*\"],\"*.traeapi.us\":[\"*\"],\"*.mchost.guru\":[\"*\"],\"*.bytedance.net\":[\"*\"],\"*.tiktok-row.net\":[\"*\"],\"*.byteintl.net\":[\"*\"],\"*.byted.org\":[\"*\"],\"*.trae.com.cn\":[\"*\"],\"*.trae.cn\":[\"*\"]},\"enable_detail_log\":false}"}}
[0423/001739.393:INFO:aha\components\device_info\private\device_info_win_impl.cc:193] PlatformDeviceInfoImpl::read_smbios done, size = 4137
[0423/001739.394:INFO:aha\components\device_info\private\device_info_win_impl.cc:427] Current disk count = 2
[0423/001739.394:INFO:aha\components\device_service\device_service.h:33] DeviceService GetHardwareInfo, cost time: 1 ms
[0423/001739.394:INFO:aha\components\device_service\device_service.cc:1124] DeviceService, DecryptDeviceId succeed, device_id: 27939963411291, install_id: 27939963415387
[0423/001739.394:INFO:aha\components\metrics\metrics_base.cc:64] [startup] metric: basicStartupComplete, end, latency: 5ms
[0423/001739.394:INFO:aha\components\metrics\metrics_base.cc:52] [startup] metric: initializeICU, start
[0423/001739.395:INFO:aha\components\metrics\metrics_base.cc:64] [startup] metric: initializeICU, end, latency: 0ms
[0423/001739.395:INFO:aha\components\metrics\metrics_base.cc:52] [startup] metric: loadV8Snapshot, start
[0423/001739.395:INFO:aha\components\metrics\metrics_base.cc:64] [startup] metric: loadV8Snapshot, end, latency: 0ms
[0423/001739.395:INFO:aha\components\metrics\metrics_base.cc:52] [startup] metric: crashReporterStartup, start
[0423/001739.434:INFO:aha\components\metrics\metrics_base.cc:64] [startup] metric: crashReporterStartup, end, latency: 39ms
[0423/002044.390:INFO:gin\isolate_holder.cc:165] SetPartitionAllocOomCallback and RegisterIsolateHolder
[0423/010835.378:INFO:gin\isolate_holder.cc:165] SetPartitionAllocOomCallback and RegisterIsolateHolder
[0423/135129.830:INFO:aha\components\metrics\metrics_base.cc:52] [startup] metric: basicStartupComplete, start
[0423/135129.852:INFO:aha\components\manifest\manifest.cc:91] GetManifestContent exe_dir: C:\Users\Administrator\AppData\Local\Programs\Trae CN
[0423/135129.858:INFO:aha\components\manifest\manifest.cc:106] AppManifest manifest_content={"appId":"787976","appVersion":"3.3.49","buildVersion":"2.3.19251","activeUrl":"https://log.snssdk.com/service/2/app_alert_check/","channel":"stable","language":"en","logifierDomain":"api.trae.com.cn","name":"Trae CN","package":"com.trae.app","packageType":"stable_cn","region":"CN","registryUrl":"https://log.snssdk.com/service/2/desktop/device_register/","slardarDomain":"pc-mon.zijieapi.com","slardarAid":787976,"oversea":false,"ahaNet":{"ttnet_params":{"domain_httpdns":"dig.bdurl.net","domain_netlog":"crash.snssdk.com","app_id":"787976","tnc_host_first":"tnc3-bjlgy.zijieapi.com","app_name":"trae","tnc_host_second":"","tnc_host_third":"","domain_boe":".boe-gateway.byted.org","update_version_code":"","version_code":"3349","bypass_proxy":false,"is_drop_first_tnc":false,"use_domestic_store_region":false,"get_domain_default_json":"{\"data\":{\"tnc_update_interval\":300,\"chromium_open\":1,\"http_dns_enabled\":1,\"ttnet_http_dns_enabled\":1,\"ttnet_tt_http_dns\":1,\"ttnet_http_dns_timeout\":5,\"opaque_data_enabled\":0,\"wpad_enabled\":0,\"pac_enabled\":1,\"clear_pool_enabled\":1,\"get_domain_default_json\":1,\"md5_check\":0},\"message\":\"success\"}"},"params":{"user_agent":"","experimental_options":"","enable_http2":true,"enable_brotli":true,"enable_quic":true,"enable_network_quality_estimator":false,"enable_verbose_log":false,"enable_ca_store":true,"store_idc_rule_json":"","ttnet_inner_log_switch":255,"bypass_mssdk":true},"access_policy":"{\"domain_white_list\":{\"*.trae.ai\":[\"*\"],\"*.traeapi.us\":[\"*\"],\"*.mchost.guru\":[\"*\"],\"*.bytedance.net\":[\"*\"],\"*.tiktok-row.net\":[\"*\"],\"*.byteintl.net\":[\"*\"],\"*.byted.org\":[\"*\"],\"*.trae.com.cn\":[\"*\"],\"*.trae.cn\":[\"*\"]},\"enable_detail_log\":false}"}}
[0423/135129.859:INFO:aha\components\device_info\private\device_info_win_impl.cc:193] PlatformDeviceInfoImpl::read_smbios done, size = 4137
[0423/135129.860:INFO:aha\components\device_info\private\device_info_win_impl.cc:427] Current disk count = 2
[0423/135129.860:INFO:aha\components\device_service\device_service.h:33] DeviceService GetHardwareInfo, cost time: 1 ms
[0423/135129.860:INFO:aha\components\device_service\device_service.cc:1124] DeviceService, DecryptDeviceId succeed, device_id: 27939963411291, install_id: 27939963415387
[0423/135129.860:INFO:aha\components\metrics\metrics_base.cc:64] [startup] metric: basicStartupComplete, end, latency: 30ms
[0423/135129.860:INFO:aha\components\metrics\metrics_base.cc:52] [startup] metric: initializeICU, start
[0423/135129.864:INFO:aha\components\metrics\metrics_base.cc:64] [startup] metric: initializeICU, end, latency: 4ms
[0423/135129.864:INFO:aha\components\metrics\metrics_base.cc:52] [startup] metric: loadV8Snapshot, start
[0423/135129.869:INFO:aha\components\metrics\metrics_base.cc:64] [startup] metric: loadV8Snapshot, end, latency: 4ms
[0423/135129.869:INFO:aha\components\metrics\metrics_base.cc:52] [startup] metric: crashReporterStartup, start
[0423/135129.913:INFO:aha\components\metrics\metrics_base.cc:64] [startup] metric: crashReporterStartup, end, latency: 44ms
[0423/140456.054:INFO:gin\isolate_holder.cc:165] SetPartitionAllocOomCallback and RegisterIsolateHolder
[0423/141535.135:INFO:aha\components\metrics\metrics_base.cc:52] [startup] metric: basicStartupComplete, start
[0423/141535.138:INFO:aha\components\manifest\manifest.cc:91] GetManifestContent exe_dir: C:\Users\Administrator\AppData\Local\Programs\Trae CN
[0423/141535.138:INFO:aha\components\manifest\manifest.cc:106] AppManifest manifest_content={"appId":"787976","appVersion":"3.3.49","buildVersion":"2.3.19251","activeUrl":"https://log.snssdk.com/service/2/app_alert_check/","channel":"stable","language":"en","logifierDomain":"api.trae.com.cn","name":"Trae CN","package":"com.trae.app","packageType":"stable_cn","region":"CN","registryUrl":"https://log.snssdk.com/service/2/desktop/device_register/","slardarDomain":"pc-mon.zijieapi.com","slardarAid":787976,"oversea":false,"ahaNet":{"ttnet_params":{"domain_httpdns":"dig.bdurl.net","domain_netlog":"crash.snssdk.com","app_id":"787976","tnc_host_first":"tnc3-bjlgy.zijieapi.com","app_name":"trae","tnc_host_second":"","tnc_host_third":"","domain_boe":".boe-gateway.byted.org","update_version_code":"","version_code":"3349","bypass_proxy":false,"is_drop_first_tnc":false,"use_domestic_store_region":false,"get_domain_default_json":"{\"data\":{\"tnc_update_interval\":300,\"chromium_open\":1,\"http_dns_enabled\":1,\"ttnet_http_dns_enabled\":1,\"ttnet_tt_http_dns\":1,\"ttnet_http_dns_timeout\":5,\"opaque_data_enabled\":0,\"wpad_enabled\":0,\"pac_enabled\":1,\"clear_pool_enabled\":1,\"get_domain_default_json\":1,\"md5_check\":0},\"message\":\"success\"}"},"params":{"user_agent":"","experimental_options":"","enable_http2":true,"enable_brotli":true,"enable_quic":true,"enable_network_quality_estimator":false,"enable_verbose_log":false,"enable_ca_store":true,"store_idc_rule_json":"","ttnet_inner_log_switch":255,"bypass_mssdk":true},"access_policy":"{\"domain_white_list\":{\"*.trae.ai\":[\"*\"],\"*.traeapi.us\":[\"*\"],\"*.mchost.guru\":[\"*\"],\"*.bytedance.net\":[\"*\"],\"*.tiktok-row.net\":[\"*\"],\"*.byteintl.net\":[\"*\"],\"*.byted.org\":[\"*\"],\"*.trae.com.cn\":[\"*\"],\"*.trae.cn\":[\"*\"]},\"enable_detail_log\":false}"}}
[0423/141535.139:INFO:aha\components\device_info\private\device_info_win_impl.cc:193] PlatformDeviceInfoImpl::read_smbios done, size = 4137
[0423/141535.139:INFO:aha\components\device_info\private\device_info_win_impl.cc:427] Current disk count = 2
[0423/141535.140:INFO:aha\components\device_service\device_service.h:33] DeviceService GetHardwareInfo, cost time: 1 ms
[0423/141535.140:INFO:aha\components\device_service\device_service.cc:1124] DeviceService, DecryptDeviceId succeed, device_id: 27939963411291, install_id: 27939963415387
[0423/141535.140:INFO:aha\components\metrics\metrics_base.cc:64] [startup] metric: basicStartupComplete, end, latency: 5ms
[0423/141535.140:INFO:aha\components\metrics\metrics_base.cc:52] [startup] metric: initializeICU, start
[0423/141535.140:INFO:aha\components\metrics\metrics_base.cc:64] [startup] metric: initializeICU, end, latency: 0ms
[0423/141535.140:INFO:aha\components\metrics\metrics_base.cc:52] [startup] metric: loadV8Snapshot, start
[0423/141535.140:INFO:aha\components\metrics\metrics_base.cc:64] [startup] metric: loadV8Snapshot, end, latency: 0ms
[0423/141535.140:INFO:aha\components\metrics\metrics_base.cc:52] [startup] metric: crashReporterStartup, start
[0423/141535.181:INFO:aha\components\metrics\metrics_base.cc:64] [startup] metric: crashReporterStartup, end, latency: 42ms
[0423/141643.839:INFO:aha\components\metrics\metrics_base.cc:52] [startup] metric: basicStartupComplete, start
[0423/141643.842:INFO:aha\components\manifest\manifest.cc:91] GetManifestContent exe_dir: C:\Users\Administrator\AppData\Local\Programs\Trae CN
[0423/141643.842:INFO:aha\components\manifest\manifest.cc:106] AppManifest manifest_content={"appId":"787976","appVersion":"3.3.49","buildVersion":"2.3.19251","activeUrl":"https://log.snssdk.com/service/2/app_alert_check/","channel":"stable","language":"en","logifierDomain":"api.trae.com.cn","name":"Trae CN","package":"com.trae.app","packageType":"stable_cn","region":"CN","registryUrl":"https://log.snssdk.com/service/2/desktop/device_register/","slardarDomain":"pc-mon.zijieapi.com","slardarAid":787976,"oversea":false,"ahaNet":{"ttnet_params":{"domain_httpdns":"dig.bdurl.net","domain_netlog":"crash.snssdk.com","app_id":"787976","tnc_host_first":"tnc3-bjlgy.zijieapi.com","app_name":"trae","tnc_host_second":"","tnc_host_third":"","domain_boe":".boe-gateway.byted.org","update_version_code":"","version_code":"3349","bypass_proxy":false,"is_drop_first_tnc":false,"use_domestic_store_region":false,"get_domain_default_json":"{\"data\":{\"tnc_update_interval\":300,\"chromium_open\":1,\"http_dns_enabled\":1,\"ttnet_http_dns_enabled\":1,\"ttnet_tt_http_dns\":1,\"ttnet_http_dns_timeout\":5,\"opaque_data_enabled\":0,\"wpad_enabled\":0,\"pac_enabled\":1,\"clear_pool_enabled\":1,\"get_domain_default_json\":1,\"md5_check\":0},\"message\":\"success\"}"},"params":{"user_agent":"","experimental_options":"","enable_http2":true,"enable_brotli":true,"enable_quic":true,"enable_network_quality_estimator":false,"enable_verbose_log":false,"enable_ca_store":true,"store_idc_rule_json":"","ttnet_inner_log_switch":255,"bypass_mssdk":true},"access_policy":"{\"domain_white_list\":{\"*.trae.ai\":[\"*\"],\"*.traeapi.us\":[\"*\"],\"*.mchost.guru\":[\"*\"],\"*.bytedance.net\":[\"*\"],\"*.tiktok-row.net\":[\"*\"],\"*.byteintl.net\":[\"*\"],\"*.byted.org\":[\"*\"],\"*.trae.com.cn\":[\"*\"],\"*.trae.cn\":[\"*\"]},\"enable_detail_log\":false}"}}
[0423/141643.842:INFO:aha\components\device_info\private\device_info_win_impl.cc:193] PlatformDeviceInfoImpl::read_smbios done, size = 4137
[0423/141643.843:INFO:aha\components\device_info\private\device_info_win_impl.cc:427] Current disk count = 2
[0423/141643.844:INFO:aha\components\device_service\device_service.h:33] DeviceService GetHardwareInfo, cost time: 1 ms
[0423/141643.844:INFO:aha\components\device_service\device_service.cc:1124] DeviceService, DecryptDeviceId succeed, device_id: 27939963411291, install_id: 27939963415387
[0423/141643.844:INFO:aha\components\metrics\metrics_base.cc:64] [startup] metric: basicStartupComplete, end, latency: 5ms
[0423/141643.844:INFO:aha\components\metrics\metrics_base.cc:52] [startup] metric: initializeICU, start
[0423/141643.844:INFO:aha\components\metrics\metrics_base.cc:64] [startup] metric: initializeICU, end, latency: 0ms
[0423/141643.844:INFO:aha\components\metrics\metrics_base.cc:52] [startup] metric: loadV8Snapshot, start
[0423/141643.844:INFO:aha\components\metrics\metrics_base.cc:64] [startup] metric: loadV8Snapshot, end, latency: 0ms
[0423/141643.844:INFO:aha\components\metrics\metrics_base.cc:52] [startup] metric: crashReporterStartup, start
[0423/141643.890:INFO:aha\components\metrics\metrics_base.cc:64] [startup] metric: crashReporterStartup, end, latency: 46ms
[0423/175116.938:INFO:gin\isolate_holder.cc:165] SetPartitionAllocOomCallback and RegisterIsolateHolder
[0424/151402.098:INFO:aha\components\metrics\metrics_base.cc:52] [startup] metric: basicStartupComplete, start
[0424/151402.103:INFO:aha\components\manifest\manifest.cc:91] GetManifestContent exe_dir: C:\Users\Administrator\AppData\Local\Programs\Trae CN
[0424/151402.104:INFO:aha\components\manifest\manifest.cc:106] AppManifest manifest_content={"appId":"787976","appVersion":"3.3.53","buildVersion":"2.3.21082","activeUrl":"https://log.snssdk.com/service/2/app_alert_check/","channel":"stable","language":"en","logifierDomain":"api.trae.com.cn","settingsDomain":"api.trae.com.cn","name":"Trae CN","package":"com.trae.app","packageType":"stable_cn","region":"CN","registryUrl":"https://log.snssdk.com/service/2/desktop/device_register/","slardarDomain":"pc-mon.zijieapi.com","slardarAid":787976,"oversea":false,"ahaNet":{"ttnet_params":{"domain_httpdns":"dig.bdurl.net","domain_netlog":"crash.snssdk.com","app_id":"787976","tnc_host_first":"tnc3-bjlgy.zijieapi.com","app_name":"trae","tnc_host_second":"","tnc_host_third":"","domain_boe":".boe-gateway.byted.org","update_version_code":"","version_code":"3353","bypass_proxy":false,"is_drop_first_tnc":false,"use_domestic_store_region":false,"get_domain_default_json":"{\"data\":{\"tnc_update_interval\":300,\"chromium_open\":1,\"http_dns_enabled\":1,\"ttnet_http_dns_enabled\":1,\"ttnet_tt_http_dns\":1,\"ttnet_http_dns_timeout\":5,\"opaque_data_enabled\":0,\"wpad_enabled\":0,\"pac_enabled\":1,\"clear_pool_enabled\":1,\"get_domain_default_json\":1,\"md5_check\":0},\"message\":\"success\"}"},"params":{"user_agent":"","experimental_options":"","enable_http2":true,"enable_brotli":true,"enable_quic":true,"enable_network_quality_estimator":false,"enable_verbose_log":false,"enable_ca_store":true,"store_idc_rule_json":"","ttnet_inner_log_switch":255,"bypass_mssdk":true},"access_policy":"{\"domain_white_list\":{\"*.trae.ai\":[\"*\"],\"*.traeapi.us\":[\"*\"],\"*.mchost.guru\":[\"*\"],\"*.bytedance.net\":[\"*\"],\"*.tiktok-row.net\":[\"*\"],\"*.byteintl.net\":[\"*\"],\"*.byted.org\":[\"*\"],\"*.trae.com.cn\":[\"*\"],\"*.trae.cn\":[\"*\"]},\"enable_detail_log\":false}"}}
[0424/151402.104:INFO:aha\components\device_info\private\device_info_win_impl.cc:193] PlatformDeviceInfoImpl::read_smbios done, size = 4137
[0424/151402.105:INFO:aha\components\device_info\private\device_info_win_impl.cc:427] Current disk count = 2
[0424/151402.105:INFO:aha\components\device_service\device_service.h:33] DeviceService GetHardwareInfo, cost time: 2 ms
[0424/151402.105:INFO:aha\components\device_service\device_service.cc:1124] DeviceService, DecryptDeviceId succeed, device_id: 27939963411291, install_id: 27939963415387
[0424/151402.105:INFO:aha\components\metrics\metrics_base.cc:64] [startup] metric: basicStartupComplete, end, latency: 7ms
[0424/151402.105:INFO:aha\components\metrics\metrics_base.cc:52] [startup] metric: initializeICU, start
[0424/151402.105:INFO:aha\components\metrics\metrics_base.cc:64] [startup] metric: initializeICU, end, latency: 0ms
[0424/151402.105:INFO:aha\components\metrics\metrics_base.cc:52] [startup] metric: loadV8Snapshot, start
[0424/151402.106:INFO:aha\components\metrics\metrics_base.cc:64] [startup] metric: loadV8Snapshot, end, latency: 0ms
[0424/151402.106:INFO:aha\components\metrics\metrics_base.cc:52] [startup] metric: crashReporterStartup, start
[0424/151402.168:INFO:aha\components\metrics\metrics_base.cc:64] [startup] metric: crashReporterStartup, end, latency: 62ms
[0424/164434.100:INFO:aha\components\metrics\metrics_base.cc:52] [startup] metric: basicStartupComplete, start
[0424/164434.117:INFO:aha\components\manifest\manifest.cc:91] GetManifestContent exe_dir: C:\Users\Administrator\AppData\Local\Programs\Trae CN
[0424/164434.117:INFO:aha\components\manifest\manifest.cc:106] AppManifest manifest_content={"appId":"787976","appVersion":"3.3.53","buildVersion":"2.3.21082","activeUrl":"https://log.snssdk.com/service/2/app_alert_check/","channel":"stable","language":"en","logifierDomain":"api.trae.com.cn","settingsDomain":"api.trae.com.cn","name":"Trae CN","package":"com.trae.app","packageType":"stable_cn","region":"CN","registryUrl":"https://log.snssdk.com/service/2/desktop/device_register/","slardarDomain":"pc-mon.zijieapi.com","slardarAid":787976,"oversea":false,"ahaNet":{"ttnet_params":{"domain_httpdns":"dig.bdurl.net","domain_netlog":"crash.snssdk.com","app_id":"787976","tnc_host_first":"tnc3-bjlgy.zijieapi.com","app_name":"trae","tnc_host_second":"","tnc_host_third":"","domain_boe":".boe-gateway.byted.org","update_version_code":"","version_code":"3353","bypass_proxy":false,"is_drop_first_tnc":false,"use_domestic_store_region":false,"get_domain_default_json":"{\"data\":{\"tnc_update_interval\":300,\"chromium_open\":1,\"http_dns_enabled\":1,\"ttnet_http_dns_enabled\":1,\"ttnet_tt_http_dns\":1,\"ttnet_http_dns_timeout\":5,\"opaque_data_enabled\":0,\"wpad_enabled\":0,\"pac_enabled\":1,\"clear_pool_enabled\":1,\"get_domain_default_json\":1,\"md5_check\":0},\"message\":\"success\"}"},"params":{"user_agent":"","experimental_options":"","enable_http2":true,"enable_brotli":true,"enable_quic":true,"enable_network_quality_estimator":false,"enable_verbose_log":false,"enable_ca_store":true,"store_idc_rule_json":"","ttnet_inner_log_switch":255,"bypass_mssdk":true},"access_policy":"{\"domain_white_list\":{\"*.trae.ai\":[\"*\"],\"*.traeapi.us\":[\"*\"],\"*.mchost.guru\":[\"*\"],\"*.bytedance.net\":[\"*\"],\"*.tiktok-row.net\":[\"*\"],\"*.byteintl.net\":[\"*\"],\"*.byted.org\":[\"*\"],\"*.trae.com.cn\":[\"*\"],\"*.trae.cn\":[\"*\"]},\"enable_detail_log\":false}"}}
[0424/164434.117:INFO:aha\components\device_info\private\device_info_win_impl.cc:193] PlatformDeviceInfoImpl::read_smbios done, size = 4137
[0424/164434.119:INFO:aha\components\device_info\private\device_info_win_impl.cc:427] Current disk count = 2
[0424/164434.119:INFO:aha\components\device_service\device_service.h:33] DeviceService GetHardwareInfo, cost time: 1 ms
[0424/164434.119:INFO:aha\components\device_service\device_service.cc:1124] DeviceService, DecryptDeviceId succeed, device_id: 27939963411291, install_id: 27939963415387
[0424/164434.119:INFO:aha\components\metrics\metrics_base.cc:64] [startup] metric: basicStartupComplete, end, latency: 19ms
[0424/164434.119:INFO:aha\components\metrics\metrics_base.cc:52] [startup] metric: initializeICU, start
[0424/164434.119:INFO:aha\components\metrics\metrics_base.cc:64] [startup] metric: initializeICU, end, latency: 0ms
[0424/164434.119:INFO:aha\components\metrics\metrics_base.cc:52] [startup] metric: loadV8Snapshot, start
[0424/164434.119:INFO:aha\components\metrics\metrics_base.cc:64] [startup] metric: loadV8Snapshot, end, latency: 1ms
[0424/164434.119:INFO:aha\components\metrics\metrics_base.cc:52] [startup] metric: crashReporterStartup, start
[0424/164434.174:INFO:aha\components\metrics\metrics_base.cc:64] [startup] metric: crashReporterStartup, end, latency: 54ms
[0424/175147.625:INFO:aha\components\metrics\metrics_base.cc:52] [startup] metric: basicStartupComplete, start
[0424/175147.630:INFO:aha\components\manifest\manifest.cc:91] GetManifestContent exe_dir: C:\Users\Administrator\AppData\Local\Programs\Trae CN
[0424/175147.631:INFO:aha\components\manifest\manifest.cc:106] AppManifest manifest_content={"appId":"787976","appVersion":"3.3.53","buildVersion":"2.3.21082","activeUrl":"https://log.snssdk.com/service/2/app_alert_check/","channel":"stable","language":"en","logifierDomain":"api.trae.com.cn","settingsDomain":"api.trae.com.cn","name":"Trae CN","package":"com.trae.app","packageType":"stable_cn","region":"CN","registryUrl":"https://log.snssdk.com/service/2/desktop/device_register/","slardarDomain":"pc-mon.zijieapi.com","slardarAid":787976,"oversea":false,"ahaNet":{"ttnet_params":{"domain_httpdns":"dig.bdurl.net","domain_netlog":"crash.snssdk.com","app_id":"787976","tnc_host_first":"tnc3-bjlgy.zijieapi.com","app_name":"trae","tnc_host_second":"","tnc_host_third":"","domain_boe":".boe-gateway.byted.org","update_version_code":"","version_code":"3353","bypass_proxy":false,"is_drop_first_tnc":false,"use_domestic_store_region":false,"get_domain_default_json":"{\"data\":{\"tnc_update_interval\":300,\"chromium_open\":1,\"http_dns_enabled\":1,\"ttnet_http_dns_enabled\":1,\"ttnet_tt_http_dns\":1,\"ttnet_http_dns_timeout\":5,\"opaque_data_enabled\":0,\"wpad_enabled\":0,\"pac_enabled\":1,\"clear_pool_enabled\":1,\"get_domain_default_json\":1,\"md5_check\":0},\"message\":\"success\"}"},"params":{"user_agent":"","experimental_options":"","enable_http2":true,"enable_brotli":true,"enable_quic":true,"enable_network_quality_estimator":false,"enable_verbose_log":false,"enable_ca_store":true,"store_idc_rule_json":"","ttnet_inner_log_switch":255,"bypass_mssdk":true},"access_policy":"{\"domain_white_list\":{\"*.trae.ai\":[\"*\"],\"*.traeapi.us\":[\"*\"],\"*.mchost.guru\":[\"*\"],\"*.bytedance.net\":[\"*\"],\"*.tiktok-row.net\":[\"*\"],\"*.byteintl.net\":[\"*\"],\"*.byted.org\":[\"*\"],\"*.trae.com.cn\":[\"*\"],\"*.trae.cn\":[\"*\"]},\"enable_detail_log\":false}"}}
[0424/175147.631:INFO:aha\components\device_info\private\device_info_win_impl.cc:193] PlatformDeviceInfoImpl::read_smbios done, size = 4137
[0424/175147.633:INFO:aha\components\device_info\private\device_info_win_impl.cc:427] Current disk count = 2
[0424/175147.633:INFO:aha\components\device_service\device_service.h:33] DeviceService GetHardwareInfo, cost time: 2 ms
[0424/175147.633:INFO:aha\components\device_service\device_service.cc:1124] DeviceService, DecryptDeviceId succeed, device_id: 27939963411291, install_id: 27939963415387
[0424/175147.633:INFO:aha\components\metrics\metrics_base.cc:64] [startup] metric: basicStartupComplete, end, latency: 8ms
[0424/175147.633:INFO:aha\components\metrics\metrics_base.cc:52] [startup] metric: initializeICU, start
[0424/175147.633:INFO:aha\components\metrics\metrics_base.cc:64] [startup] metric: initializeICU, end, latency: 0ms
[0424/175147.633:INFO:aha\components\metrics\metrics_base.cc:52] [startup] metric: loadV8Snapshot, start
[0424/175147.634:INFO:aha\components\metrics\metrics_base.cc:64] [startup] metric: loadV8Snapshot, end, latency: 0ms
[0424/175147.634:INFO:aha\components\metrics\metrics_base.cc:52] [startup] metric: crashReporterStartup, start
[0424/175147.695:INFO:aha\components\metrics\metrics_base.cc:64] [startup] metric: crashReporterStartup, end, latency: 62ms
